<?xml version="1.0" encoding="UTF-8"?>
<beans xmlns="http://www.springframework.org/schema/beans"
	xmlns:xsi="http://www.w3.org/2001/XMLSchema-instance"
	xsi:schemaLocation="http://www.springframework.org/schema/beans http://www.springframework.org/schema/beans/spring-beans.xsd">

	<import resource="classpath:/application-components.xml" />
	<!-- TODO 06 s'assurer que le fichier de configuration des transactions est inclus -->
	<import resource="classpath:/transaction.xml" />
	<import resource="classpath:/test-datasource.xml" />

</beans>
