<?xml version="1.0" encoding="UTF-8"?>
<beans xmlns="http://www.springframework.org/schema/beans"
	xmlns:xsi="http://www.w3.org/2001/XMLSchema-instance"
	xmlns:jdbc="http://www.springframework.org/schema/jdbc"
	xmlns:tx="http://www.springframework.org/schema/tx"
	xmlns:aop="http://www.springframework.org/schema/aop"
	xsi:schemaLocation="http://www.springframework.org/schema/jdbc http://www.springframework.org/schema/jdbc/spring-jdbc-3.1.xsd
		http://www.springframework.org/schema/aop http://www.springframework.org/schema/aop/spring-aop-3.1.xsd
		http://www.springframework.org/schema/beans http://www.springframework.org/schema/beans/spring-beans.xsd
		http://www.springframework.org/schema/tx http://www.springframework.org/schema/tx/spring-tx-3.1.xsd">


	<!-- TODO 02 déclarer la SessionFactory -->
	
	<!-- TODO 03 déclarer le HibernateUserRepository -->
	
	<!-- TODO 04 déclarer le HibernateTransactionManager -->
	
	
	
	<!-- configuration des transactions (les DAO doivent être transactionnels) -->
	<aop:config>
		<aop:advisor advice-ref="txAdvice" pointcut="execution(* com.zenika.repository.*.*(..))"/>
	</aop:config>
	
	<tx:advice id="txAdvice" transaction-manager="transactionManager">
		<tx:attributes>
			<tx:method name="*" propagation="REQUIRED"/>
		</tx:attributes>
	</tx:advice>

	<bean class="org.springframework.dao.annotation.PersistenceExceptionTranslationPostProcessor" />

	<jdbc:embedded-database id="dataSource" type="H2">
		<jdbc:script location="classpath:/create-tables.sql" />
		<jdbc:script location="classpath:/insert-data.sql" />
	</jdbc:embedded-database>
</beans>
