<?xml version="1.0" encoding="UTF-8"?>
<beans xmlns="http://www.springframework.org/schema/beans"
	xmlns:xsi="http://www.w3.org/2001/XMLSchema-instance"
	xsi:schemaLocation="http://www.springframework.org/schema/beans http://www.springframework.org/schema/beans/spring-beans.xsd">

	<!-- TODO 04 analyser le fichier qui importe les 2 fichiers -->
	<import resource="classpath:/application-components.xml" />
	<import resource="classpath:/test-datasource.xml" />

</beans>
