<?xml version="1.0" encoding="UTF-8"?>
<beans xmlns="http://www.springframework.org/schema/beans"
	xmlns:xsi="http://www.w3.org/2001/XMLSchema-instance"
	xmlns:jdbc="http://www.springframework.org/schema/jdbc"
	xsi:schemaLocation="http://www.springframework.org/schema/beans http://www.springframework.org/schema/beans/spring-beans.xsd
		http://www.springframework.org/schema/jdbc http://www.springframework.org/schema/jdbc/spring-jdbc-3.1.xsd">

	<!-- TODO 01 dÃ©clarer le bean dataSource -->
	<!-- utiliser le namespace jdbc, type de base H2 -->
	<!-- passer les scripts create-tables.sql et insert-data.sql sur le DataSource -->

</beans>
