<?xml version="1.0" encoding="UTF-8"?>
<beans xmlns="http://www.springframework.org/schema/beans"
	xmlns:xsi="http://www.w3.org/2001/XMLSchema-instance"
	xmlns:jdbc="http://www.springframework.org/schema/jdbc"
	xmlns:tx="http://www.springframework.org/schema/tx"
	xmlns:aop="http://www.springframework.org/schema/aop"
	xsi:schemaLocation="http://www.springframework.org/schema/jdbc http://www.springframework.org/schema/jdbc/spring-jdbc-3.1.xsd
		http://www.springframework.org/schema/aop http://www.springframework.org/schema/aop/spring-aop-3.1.xsd
		http://www.springframework.org/schema/beans http://www.springframework.org/schema/beans/spring-beans.xsd
		http://www.springframework.org/schema/tx http://www.springframework.org/schema/tx/spring-tx-3.1.xsd">

	<bean class="com.zenika.repository.hibernate.HibernateUserRepository">
		<constructor-arg ref="sessionFactory" />
	</bean>

	<bean id="sessionFactory" class="org.springframework.orm.hibernate3.annotation.AnnotationSessionFactoryBean">
		<property name="dataSource" ref="dataSource" />
		<property name="annotatedClasses">
			<list>
				<value>com.zenika.domain.User</value>
			</list>
		</property>
		<property name="hibernateProperties">
			<value>
			show_sql=true
			</value>
		</property>
	</bean>
	
	<bean id="transactionManager" class="org.springframework.orm.hibernate3.HibernateTransactionManager">
		<property name="sessionFactory" ref="sessionFactory" />
	</bean>
	
	<aop:config>
		<aop:advisor advice-ref="txAdvice" pointcut="execution(* com.zenika.repository.*.*(..))"/>
	</aop:config>
	
	<tx:advice id="txAdvice" transaction-manager="transactionManager">
		<tx:attributes>
			<tx:method name="*" propagation="REQUIRED"/>
		</tx:attributes>
	</tx:advice>

	<jdbc:embedded-database id="dataSource" type="H2">
		<jdbc:script location="classpath:/create-tables.sql" />
		<jdbc:script location="classpath:/insert-data.sql" />
	</jdbc:embedded-database>
</beans>
